<?xml version="1.0" encoding="UTF-8"?>
<!-- Generated by org.testng.reporters.JUnitReportReporter -->
<testsuite hostname="sachin" failures="0" tests="3" name="TestNG_Annotation.Amazon_Facebook_Snapdeal" time="73.430" errors="0" timestamp="2023-10-06T14:45:56 IST" skipped="0">
  <testcase classname="TestNG_Annotation.Amazon_Facebook_Snapdeal" name="fb" time="10.042"/>
  <testcase classname="TestNG_Annotation.Amazon_Facebook_Snapdeal" name="snp" time="55.608"/>
  <testcase classname="TestNG_Annotation.Amazon_Facebook_Snapdeal" name="amz" time="7.780"/>
</testsuite> <!-- TestNG_Annotation.Amazon_Facebook_Snapdeal -->
