<?xml version="1.0" encoding="UTF-8"?>
<!-- Generated by org.testng.reporters.JUnitReportReporter -->
<testsuite hostname="sachin" failures="0" tests="1" name="TESTNG_Parallel.Amazon_distributed" time="28.186" errors="0" timestamp="2023-10-05T14:41:17 IST" skipped="0">
  <testcase classname="TESTNG_Parallel.Amazon_distributed" name="amz" time="28.186"/>
</testsuite> <!-- TESTNG_Parallel.Amazon_distributed -->
