<?xml version="1.0" encoding="UTF-8"?>
<!-- Generated by org.testng.reporters.JUnitReportReporter -->
<testsuite hostname="sachin" failures="0" tests="1" name="TestNG_FallingPurpose.Facebook" time="11.866" errors="0" timestamp="2023-10-06T15:27:22 IST" skipped="0">
  <testcase classname="TestNG_FallingPurpose.Facebook" name="fb" time="11.866"/>
</testsuite> <!-- TestNG_FallingPurpose.Facebook -->
