<?xml version="1.0" encoding="UTF-8"?>
<!-- Generated by org.testng.reporters.JUnitReportReporter -->
<testsuite hostname="sachin" failures="0" tests="3" name="TestNg.PriorityTestNg" time="0.046" errors="0" timestamp="2023-10-08T05:33:59 IST" skipped="0">
  <testcase classname="TestNg.PriorityTestNg" name="test3" time="0.023"/>
  <testcase classname="TestNg.PriorityTestNg" name="test1" time="0.015"/>
  <testcase classname="TestNg.PriorityTestNg" name="test2" time="0.008"/>
</testsuite> <!-- TestNg.PriorityTestNg -->
