<?xml version="1.0" encoding="UTF-8"?>
<!-- Generated by org.testng.reporters.JUnitReportReporter -->
<testsuite hostname="sachin" failures="0" tests="2" name="TESTNG_Group.sample1" time="0.031" errors="0" timestamp="2023-10-10T08:46:56 IST" skipped="0">
  <testcase classname="TESTNG_Group.sample1" name="demo1" time="0.026"/>
  <testcase classname="TESTNG_Group.sample1" name="demo2" time="0.005"/>
</testsuite> <!-- TESTNG_Group.sample1 -->
