<?xml version="1.0" encoding="UTF-8"?>
<!-- Generated by org.testng.reporters.JUnitReportReporter -->
<testsuite hostname="sachin" failures="0" tests="1" name="TESTNG_Parallel.Facebook_Distributed" time="31.220" errors="0" timestamp="2023-10-05T14:41:17 IST" skipped="0">
  <testcase classname="TESTNG_Parallel.Facebook_Distributed" name="fb" time="31.220"/>
</testsuite> <!-- TESTNG_Parallel.Facebook_Distributed -->
