<?xml version="1.0" encoding="UTF-8"?>
<!-- Generated by org.testng.reporters.JUnitReportReporter -->
<testsuite hostname="sachin" failures="0" tests="1" name="TestNG_Sequential.Amazon" time="17.895" errors="0" timestamp="2023-10-04T15:54:13 IST" skipped="0">
  <testcase classname="TestNG_Sequential.Amazon" name="fb" time="17.895"/>
</testsuite> <!-- TestNG_Sequential.Amazon -->
