<?xml version="1.0" encoding="UTF-8"?>
<!-- Generated by org.testng.reporters.JUnitReportReporter -->
<testsuite hostname="sachin" failures="0" tests="2" name="TestNg.Priority_Invocation_Enable" time="0.024" errors="0" timestamp="2023-10-08T05:20:00 IST" skipped="1">
  <testcase classname="TestNg.Priority_Invocation_Enable" name="demo3" time="0.024"/>
  <testcase classname="TestNg.Priority_Invocation_Enable" name="demo2">
    <skipped/>
  </testcase> <!-- demo2 -->
</testsuite> <!-- TestNg.Priority_Invocation_Enable -->
