<?xml version="1.0" encoding="UTF-8"?>
<!-- Generated by org.testng.reporters.JUnitReportReporter -->
<testsuite hostname="sachin" failures="0" tests="3" name="TestNg.PriorityTestNg1" time="0.028" errors="0" timestamp="2023-10-08T05:39:50 IST" skipped="1">
  <testcase classname="TestNg.PriorityTestNg1" name="test1" time="0.024"/>
  <testcase classname="TestNg.PriorityTestNg1" name="test2" time="0.004"/>
  <testcase classname="TestNg.PriorityTestNg1" name="test3">
    <skipped/>
  </testcase> <!-- test3 -->
</testsuite> <!-- TestNg.PriorityTestNg1 -->
