<?xml version="1.0" encoding="UTF-8"?>
<!-- Generated by org.testng.reporters.JUnitReportReporter -->
<testsuite hostname="sachin" failures="0" tests="3" name="TestNg.DataProviders" time="80.738" errors="0" timestamp="2023-10-06T16:48:51 IST" skipped="0">
  <testcase classname="TestNg.DataProviders" name="demo" time="10.975"/>
  <testcase classname="TestNg.DataProviders" name="demo" time="56.883"/>
  <testcase classname="TestNg.DataProviders" name="demo" time="12.880"/>
</testsuite> <!-- TestNg.DataProviders -->
