<?xml version="1.0" encoding="UTF-8"?>
<!-- Generated by org.testng.reporters.JUnitReportReporter -->
<testsuite hostname="sachin" failures="0" tests="1" name="TestNG_FallingPurpose.Snapdeal1" time="28.173" errors="0" timestamp="2023-10-06T15:27:22 IST" skipped="0">
  <testcase classname="TestNG_FallingPurpose.Snapdeal1" name="Snap" time="28.173"/>
</testsuite> <!-- TestNG_FallingPurpose.Snapdeal1 -->
