<?xml version="1.0" encoding="UTF-8"?>
<!-- Generated by org.testng.reporters.JUnitReportReporter -->
<testsuite hostname="sachin" failures="0" tests="1" name="TestNG_Sequential.Facebook" time="17.299" errors="0" timestamp="2023-10-04T15:54:13 IST" skipped="0">
  <testcase classname="TestNG_Sequential.Facebook" name="fb" time="17.299"/>
</testsuite> <!-- TestNG_Sequential.Facebook -->
